<?xml version="1.0" encoding="UTF-8"?>
<!-- Generated by org.testng.reporters.JUnitReportReporter -->
<testsuite hostname="LTAUS00092" name="UI.HomePageUITests" tests="6" failures="0" timestamp="8 Jun 2018 01:42:01 GMT" time="149.289" errors="0">
  <testcase name="testHomePageHoverDropDownNavigation" time="28.049" classname="UI.HomePageUITests"/>
  <testcase name="testHomePageHoverDropDownToggle" time="18.355" classname="UI.HomePageUITests"/>
  <testcase name="testHomePageCategoryDropDownToggle" time="21.227" classname="UI.HomePageUITests"/>
  <testcase name="testHomePageCarouselSliderNextFunction" time="20.506" classname="UI.HomePageUITests"/>
  <testcase name="testHomePageCarouselSliderPauseFunction" time="27.210" classname="UI.HomePageUITests"/>
  <testcase name="testHomePageCategoryDropDownNavigation" time="33.942" classname="UI.HomePageUITests"/>
</testsuite> <!-- UI.HomePageUITests -->
