<?xml version="1.0" encoding="UTF-8"?>
<!-- Generated by org.testng.reporters.JUnitReportReporter -->
<testsuite hostname="LTAUS00092" name="searchBar.SearchBarTest2" tests="7" failures="0" timestamp="7 Jun 2018 23:27:35 GMT" time="207.247" errors="0">
  <testcase name="TestSearchAfterForwardFunction" time="30.283" classname="searchBar.SearchBarTest2"/>
  <testcase name="TestSearchResultsEqualsNumberOfListings" time="21.833" classname="searchBar.SearchBarTest2"/>
  <testcase name="TestNavigateToListingThroughImage" time="42.494" classname="searchBar.SearchBarTest2"/>
  <testcase name="TestNavigateToListingThroughText" time="43.465" classname="searchBar.SearchBarTest2"/>
  <testcase name="TestSearchAfterBackFunction" time="30.733" classname="searchBar.SearchBarTest2"/>
  <testcase name="TestSearchWhenSellersExists" time="15.558" classname="searchBar.SearchBarTest2"/>
  <testcase name="TestSearchWhenNoSellersExists" time="22.881" classname="searchBar.SearchBarTest2"/>
</testsuite> <!-- searchBar.SearchBarTest2 -->
