<?xml version="1.0" encoding="UTF-8"?>
<!-- Generated by org.testng.reporters.JUnitReportReporter -->
<testsuite hostname="CTSAUS-LT-535" name="SeleniumTestCases.SeleniumExampleTest" tests="1" failures="0" timestamp="16 May 2018 02:45:34 GMT" time="13.232" errors="0">
  <testcase name="seleniumExampleTestMethod" time="13.232" classname="SeleniumTestCases.SeleniumExampleTest"/>
</testsuite> <!-- SeleniumTestCases.SeleniumExampleTest -->
