<?xml version="1.0" encoding="UTF-8"?>
<!-- Generated by org.testng.reporters.JUnitReportReporter -->
<testsuite hostname="CTSAUS-LT-535" name="searchBar.SearchBarTest" tests="5" failures="0" timestamp="2 Jun 2018 08:57:11 GMT" time="38.998" errors="0">
  <testcase name="TC_SB_003" time="5.284" classname="searchBar.SearchBarTest"/>
  <testcase name="TC_SB_004" time="9.464" classname="searchBar.SearchBarTest"/>
  <testcase name="TC_SB_001" time="9.450" classname="searchBar.SearchBarTest"/>
  <testcase name="TC_SB_002" time="6.391" classname="searchBar.SearchBarTest"/>
  <testcase name="TC_SB_005" time="8.409" classname="searchBar.SearchBarTest"/>
</testsuite> <!-- searchBar.SearchBarTest -->
